<?xml version="1.0" encoding="utf-8"?>
<coverage line-rate="0.2323" branch-rate="0.1494" version="1.9" timestamp="1745551331" lines-covered="834" lines-valid="3589" branches-covered="107" branches-valid="716">
  <sources>
    <source>/Users/zhifenglee/</source>
  </sources>
  <packages>
    <package name="Aevatar.SignalR" line-rate="0.2071" branch-rate="0.1318" complexity="1105">
      <classes>
        <class name="OrleansCodeGen.AevatarSignalR.Metadata_AevatarSignalR" filename="Desktop/agent-smith/aevatar-signalR/src/Aevatar.SignalR/obj/Debug/net9.0/Orleans.CodeGenerator/Orleans.CodeGenerator.OrleansSerializationSourceGenerator/Aevatar.SignalR.orleans.g.cs" line-rate="1" branch-rate="1" complexity="1">
          <methods>
            <method name="ConfigureInner" signature="(Orleans.Serialization.Configuration.TypeManifestOptions)" line-rate="1" branch-rate="1" complexity="1">
              <lines>
                <line number="3939" hits="35" branch="False" />
                <line number="3940" hits="35" branch="False" />
                <line number="3941" hits="35" branch="False" />
                <line number="3942" hits="35" branch="False" />
                <line number="3943" hits="35" branch="False" />
                <line number="3944" hits="35" branch="False" />
                <line number="3945" hits="35" branch="False" />
                <line number="3946" hits="35" branch="False" />
                <line number="3947" hits="35" branch="False" />
                <line number="3948" hits="35" branch="False" />
                <line number="3949" hits="35" branch="False" />
                <line number="3950" hits="35" branch="False" />
                <line number="3951" hits="35" branch="False" />
                <line number="3952" hits="35" branch="False" />
                <line number="3953" hits="35" branch="False" />
                <line number="3954" hits="35" branch="False" />
                <line number="3955" hits="35" branch="False" />
                <line number="3956" hits="35" branch="False" />
                <line number="3957" hits="35" branch="False" />
                <line number="3958" hits="35" branch="False" />
                <line number="3959" hits="35" branch="False" />
                <line number="3960" hits="35" branch="False" />
                <line number="3961" hits="35" branch="False" />
                <line number="3962" hits="35" branch="False" />
                <line number="3963" hits="35" branch="False" />
                <line number="3964" hits="35" branch="False" />
                <line number="3965" hits="35" branch="False" />
                <line number="3966" hits="35" branch="False" />
                <line number="3967" hits="35" branch="False" />
                <line number="3968" hits="35" branch="False" />
                <line number="3969" hits="35" branch="False" />
                <line number="3970" hits="35" branch="False" />
                <line number="3971" hits="35" branch="False" />
                <line number="3972" hits="35" branch="False" />
                <line number="3973" hits="35" branch="False" />
                <line number="3974" hits="35" branch="False" />
                <line number="3975" hits="35" branch="False" />
                <line number="3976" hits="35" branch="False" />
                <line number="3977" hits="35" branch="False" />
                <line number="3978" hits="35" branch="False" />
                <line number="3979" hits="35" branch="False" />
                <line number="3980" hits="35" branch="False" />
                <line number="3981" hits="35" branch="False" />
                <line number="3982" hits="35" branch="False" />
                <line number="3983" hits="35" branch="False" />
                <line number="3984" hits="35" branch="False" />
                <line number="3985" hits="35" branch="False" />
                <line number="3986" hits="35" branch="False" />
                <line number="3987" hits="35" branch="False" />
                <line number="3988" hits="35" branch="False" />
                <line number="3989" hits="35" branch="False" />
                <line number="3990" hits="35" branch="False" />
                <line number="3991" hits="35" branch="False" />
                <line number="3992" hits="35" branch="False" />
                <line number="3993" hits="35" branch="False" />
                <line number="3994" hits="35" branch="False" />
                <line number="3995" hits="35" branch="False" />
                <line number="3996" hits="35" branch="False" />
                <line number="3997" hits="35" branch="False" />
                <line number="3998" hits="35" branch="False" />
                <line number="3999" hits="35" branch="False" />
                <line number="4000" hits="35" branch="False" />
                <line number="4001" hits="35" branch="False" />
                <line number="4002" hits="35" branch="False" />
                <line number="4003" hits="35" branch="False" />
                <line number="4004" hits="35" branch="False" />
                <line number="4005" hits="35" branch="False" />
                <line number="4006" hits="35" branch="False" />
                <line number="4007" hits="35" branch="False" />
                <line number="4008" hits="35" branch="False" />
                <line number="4009" hits="35" branch="False" />
                <line number="4010" hits="35" branch="False" />
                <line number="4011" hits="35" branch="False" />
                <line number="4012" hits="35" branch="False" />
                <line number="4013" hits="35" branch="False" />
                <line number="4014" hits="35" branch="False" />
                <line number="4015" hits="35" branch="False" />
                <line number="4016" hits="35" branch="False" />
                <line number="4017" hits="35" branch="False" />
                <line number="4018" hits="35" branch="False" />
                <line number="4019" hits="35" branch="False" />
                <line number="4020" hits="35" branch="False" />
                <line number="4021" hits="35" branch="False" />
                <line number="4022" hits="35" branch="False" />
                <line number="4023" hits="35" branch="False" />
                <line number="4024" hits="35" branch="False" />
                <line number="4025" hits="35" branch="False" />
                <line number="4026" hits="35" branch="False" />
                <line number="4027" hits="35" branch="False" />
                <line number="4028" hits="35" branch="False" />
                <line number="4029" hits="35" branch="False" />
                <line number="4030" hits="35" branch="False" />
                <line number="4031" hits="35" branch="False" />
                <line number="4032" hits="35" branch="False" />
                <line number="4033" hits="35" branch="False" />
                <line number="4034" hits="35" branch="False" />
                <line number="4035" hits="35" branch="False" />
                <line number="4036" hits="35" branch="False" />
                <line number="4037" hits="35" branch="False" />
                <line number="4038" hits="35" branch="False" />
                <line number="4039" hits="35" branch="False" />
                <line number="4040" hits="35" branch="False" />
                <line number="4041" hits="35" branch="False" />
                <line number="4042" hits="35" branch="False" />
                <line number="4043" hits="35" branch="False" />
                <line number="4044" hits="35" branch="False" />
                <line number="4045" hits="35" branch="False" />
                <line number="4046" hits="35" branch="False" />
                <line number="4047" hits="35" branch="False" />
                <line number="4048" hits="35" branch="False" />
                <line number="4049" hits="35" branch="False" />
                <line number="4050" hits="35" branch="False" />
              </lines>
            </method>
          </methods>
          <lines>
            <line number="3939" hits="35" branch="False" />
            <line number="3940" hits="35" branch="False" />
            <line number="3941" hits="35" branch="False" />
            <line number="3942" hits="35" branch="False" />
            <line number="3943" hits="35" branch="False" />
            <line number="3944" hits="35" branch="False" />
            <line number="3945" hits="35" branch="False" />
            <line number="3946" hits="35" branch="False" />
            <line number="3947" hits="35" branch="False" />
            <line number="3948" hits="35" branch="False" />
            <line number="3949" hits="35" branch="False" />
            <line number="3950" hits="35" branch="False" />
            <line number="3951" hits="35" branch="False" />
            <line number="3952" hits="35" branch="False" />
            <line number="3953" hits="35" branch="False" />
            <line number="3954" hits="35" branch="False" />
            <line number="3955" hits="35" branch="False" />
            <line number="3956" hits="35" branch="False" />
            <line number="3957" hits="35" branch="False" />
            <line number="3958" hits="35" branch="False" />
            <line number="3959" hits="35" branch="False" />
            <line number="3960" hits="35" branch="False" />
            <line number="3961" hits="35" branch="False" />
            <line number="3962" hits="35" branch="False" />
            <line number="3963" hits="35" branch="False" />
            <line number="3964" hits="35" branch="False" />
            <line number="3965" hits="35" branch="False" />
            <line number="3966" hits="35" branch="False" />
            <line number="3967" hits="35" branch="False" />
            <line number="3968" hits="35" branch="False" />
            <line number="3969" hits="35" branch="False" />
            <line number="3970" hits="35" branch="False" />
            <line number="3971" hits="35" branch="False" />
            <line number="3972" hits="35" branch="False" />
            <line number="3973" hits="35" branch="False" />
            <line number="3974" hits="35" branch="False" />
            <line number="3975" hits="35" branch="False" />
            <line number="3976" hits="35" branch="False" />
            <line number="3977" hits="35" branch="False" />
            <line number="3978" hits="35" branch="False" />
            <line number="3979" hits="35" branch="False" />
            <line number="3980" hits="35" branch="False" />
            <line number="3981" hits="35" branch="False" />
            <line number="3982" hits="35" branch="False" />
            <line number="3983" hits="35" branch="False" />
            <line number="3984" hits="35" branch="False" />
            <line number="3985" hits="35" branch="False" />
            <line number="3986" hits="35" branch="False" />
            <line number="3987" hits="35" branch="False" />
            <line number="3988" hits="35" branch="False" />
            <line number="3989" hits="35" branch="False" />
            <line number="3990" hits="35" branch="False" />
            <line number="3991" hits="35" branch="False" />
            <line number="3992" hits="35" branch="False" />
            <line number="3993" hits="35" branch="False" />
            <line number="3994" hits="35" branch="False" />
            <line number="3995" hits="35" branch="False" />
            <line number="3996" hits="35" branch="False" />
            <line number="3997" hits="35" branch="False" />
            <line number="3998" hits="35" branch="False" />
            <line number="3999" hits="35" branch="False" />
            <line number="4000" hits="35" branch="False" />
            <line number="4001" hits="35" branch="False" />
            <line number="4002" hits="35" branch="False" />
            <line number="4003" hits="35" branch="False" />
            <line number="4004" hits="35" branch="False" />
            <line number="4005" hits="35" branch="False" />
            <line number="4006" hits="35" branch="False" />
            <line number="4007" hits="35" branch="False" />
            <line number="4008" hits="35" branch="False" />
            <line number="4009" hits="35" branch="False" />
            <line number="4010" hits="35" branch="False" />
            <line number="4011" hits="35" branch="False" />
            <line number="4012" hits="35" branch="False" />
            <line number="4013" hits="35" branch="False" />
            <line number="4014" hits="35" branch="False" />
            <line number="4015" hits="35" branch="False" />
            <line number="4016" hits="35" branch="False" />
            <line number="4017" hits="35" branch="False" />
            <line number="4018" hits="35" branch="False" />
            <line number="4019" hits="35" branch="False" />
            <line number="4020" hits="35" branch="False" />
            <line number="4021" hits="35" branch="False" />
            <line number="4022" hits="35" branch="False" />
            <line number="4023" hits="35" branch="False" />
            <line number="4024" hits="35" branch="False" />
            <line number="4025" hits="35" branch="False" />
            <line number="4026" hits="35" branch="False" />
            <line number="4027" hits="35" branch="False" />
            <line number="4028" hits="35" branch="False" />
            <line number="4029" hits="35" branch="False" />
            <line number="4030" hits="35" branch="False" />
            <line number="4031" hits="35" branch="False" />
            <line number="4032" hits="35" branch="False" />
            <line number="4033" hits="35" branch="False" />
            <line number="4034" hits="35" branch="False" />
            <line number="4035" hits="35" branch="False" />
            <line number="4036" hits="35" branch="False" />
            <line number="4037" hits="35" branch="False" />
            <line number="4038" hits="35" branch="False" />
            <line number="4039" hits="35" branch="False" />
            <line number="4040" hits="35" branch="False" />
            <line number="4041" hits="35" branch="False" />
            <line number="4042" hits="35" branch="False" />
            <line number="4043" hits="35" branch="False" />
            <line number="4044" hits="35" branch="False" />
            <line number="4045" hits="35" branch="False" />
            <line number="4046" hits="35" branch="False" />
            <line number="4047" hits="35" branch="False" />
            <line number="4048" hits="35" branch="False" />
            <line number="4049" hits="35" branch="False" />
            <line number="4050" hits="35" branch="False" />
          </lines>
        </class>
        <class name="OrleansCodeGen.Aevatar.SignalR.Codec_AevatarSignalRResponse`1" filename="Desktop/agent-smith/aevatar-signalR/src/Aevatar.SignalR/obj/Debug/net9.0/Orleans.CodeGenerator/Orleans.CodeGenerator.OrleansSerializationSourceGenerator/Aevatar.SignalR.orleans.g.cs" line-rate="0" branch-rate="0" complexity="30">
          <methods>
            <method name="Serialize" signature="(Orleans.Serialization.Buffers.Writer`1&lt;TBufferWriter&gt;&amp;,Aevatar.SignalR.AevatarSignalRResponse`1&lt;TResponse&gt;)" line-rate="0" branch-rate="1" complexity="1">
              <lines>
                <line number="2811" hits="0" branch="False" />
                <line number="2812" hits="0" branch="False" />
                <line number="2813" hits="0" branch="False" />
                <line number="2814" hits="0" branch="False" />
                <line number="2815" hits="0" branch="False" />
                <line number="2816" hits="0" branch="False" />
                <line number="2817" hits="0" branch="False" />
                <line number="2818" hits="0" branch="False" />
              </lines>
            </method>
            <method name="Deserialize" signature="(Orleans.Serialization.Buffers.Reader`1&lt;TReaderInput&gt;&amp;,Aevatar.SignalR.AevatarSignalRResponse`1&lt;TResponse&gt;)" line-rate="0" branch-rate="0" complexity="16">
              <lines>
                <line number="2822" hits="0" branch="False" />
                <line number="2823" hits="0" branch="False" />
                <line number="2824" hits="0" branch="False" />
                <line number="2825" hits="0" branch="False" />
                <line number="2826" hits="0" branch="False" />
                <line number="2827" hits="0" branch="False" />
                <line number="2828" hits="0" branch="False" />
                <line number="2829" hits="0" branch="True" condition-coverage="0% (0/2)">
                  <conditions>
                    <condition number="49" type="jump" coverage="0%" />
                  </conditions>
                </line>
                <line number="2830" hits="0" branch="False" />
                <line number="2831" hits="0" branch="False" />
                <line number="2832" hits="0" branch="True" condition-coverage="0% (0/2)">
                  <conditions>
                    <condition number="72" type="jump" coverage="0%" />
                  </conditions>
                </line>
                <line number="2833" hits="0" branch="False" />
                <line number="2834" hits="0" branch="False" />
                <line number="2835" hits="0" branch="False" />
                <line number="2836" hits="0" branch="True" condition-coverage="0% (0/2)">
                  <conditions>
                    <condition number="109" type="jump" coverage="0%" />
                  </conditions>
                </line>
                <line number="2837" hits="0" branch="False" />
                <line number="2838" hits="0" branch="False" />
                <line number="2839" hits="0" branch="False" />
                <line number="2841" hits="0" branch="True" condition-coverage="0% (0/2)">
                  <conditions>
                    <condition number="135" type="jump" coverage="0%" />
                  </conditions>
                </line>
                <line number="2842" hits="0" branch="False" />
                <line number="2843" hits="0" branch="False" />
                <line number="2844" hits="0" branch="False" />
                <line number="2845" hits="0" branch="True" condition-coverage="0% (0/2)">
                  <conditions>
                    <condition number="178" type="jump" coverage="0%" />
                  </conditions>
                </line>
                <line number="2846" hits="0" branch="False" />
                <line number="2847" hits="0" branch="False" />
                <line number="2848" hits="0" branch="False" />
                <line number="2850" hits="0" branch="True" condition-coverage="0% (0/2)">
                  <conditions>
                    <condition number="204" type="jump" coverage="0%" />
                  </conditions>
                </line>
                <line number="2851" hits="0" branch="False" />
                <line number="2852" hits="0" branch="False" />
                <line number="2853" hits="0" branch="False" />
                <line number="2854" hits="0" branch="True" condition-coverage="0% (0/2)">
                  <conditions>
                    <condition number="247" type="jump" coverage="0%" />
                  </conditions>
                </line>
                <line number="2855" hits="0" branch="False" />
                <line number="2856" hits="0" branch="False" />
                <line number="2857" hits="0" branch="False" />
                <line number="2859" hits="0" branch="True" condition-coverage="0% (0/2)">
                  <conditions>
                    <condition number="270" type="jump" coverage="0%" />
                  </conditions>
                </line>
                <line number="2860" hits="0" branch="False" />
                <line number="2861" hits="0" branch="False" />
                <line number="2862" hits="0" branch="False" />
                <line number="2863" hits="0" branch="False" />
                <line number="2865" hits="0" branch="False" />
                <line number="2866" hits="0" branch="False" />
                <line number="2868" hits="0" branch="False" />
              </lines>
            </method>
            <method name="WriteField" signature="(Orleans.Serialization.Buffers.Writer`1&lt;TBufferWriter&gt;&amp;,System.UInt32,System.Type,Aevatar.SignalR.AevatarSignalRResponse`1&lt;TResponse&gt;)" line-rate="0" branch-rate="0" complexity="6">
              <lines>
                <line number="2873" hits="0" branch="False" />
                <line number="2874" hits="0" branch="True" condition-coverage="0% (0/4)">
                  <conditions>
                    <condition number="3" type="jump" coverage="0%" />
                    <condition number="32" type="jump" coverage="0%" />
                  </conditions>
                </line>
                <line number="2875" hits="0" branch="False" />
                <line number="2876" hits="0" branch="True" condition-coverage="0% (0/2)">
                  <conditions>
                    <condition number="47" type="jump" coverage="0%" />
                  </conditions>
                </line>
                <line number="2877" hits="0" branch="False" />
                <line number="2878" hits="0" branch="False" />
                <line number="2879" hits="0" branch="False" />
                <line number="2880" hits="0" branch="False" />
                <line number="2881" hits="0" branch="False" />
                <line number="2883" hits="0" branch="False" />
                <line number="2884" hits="0" branch="False" />
              </lines>
            </method>
            <method name="ReadValue" signature="(Orleans.Serialization.Buffers.Reader`1&lt;TReaderInput&gt;&amp;,Orleans.Serialization.WireProtocol.Field)" line-rate="0" branch-rate="0" complexity="6">
              <lines>
                <line number="2888" hits="0" branch="False" />
                <line number="2889" hits="0" branch="True" condition-coverage="0% (0/2)">
                  <conditions>
                    <condition number="10" type="jump" coverage="0%" />
                  </conditions>
                </line>
                <line number="2890" hits="0" branch="False" />
                <line number="2891" hits="0" branch="False" />
                <line number="2892" hits="0" branch="False" />
                <line number="2893" hits="0" branch="True" condition-coverage="0% (0/4)">
                  <conditions>
                    <condition number="39" type="jump" coverage="0%" />
                    <condition number="58" type="jump" coverage="0%" />
                  </conditions>
                </line>
                <line number="2894" hits="0" branch="False" />
                <line number="2895" hits="0" branch="False" />
                <line number="2896" hits="0" branch="False" />
                <line number="2897" hits="0" branch="False" />
                <line number="2898" hits="0" branch="False" />
                <line number="2901" hits="0" branch="False" />
                <line number="2902" hits="0" branch="False" />
              </lines>
            </method>
            <method name=".ctor" signature="(Orleans.Serialization.Serializers.ICodecProvider)" line-rate="0" branch-rate="1" complexity="1">
              <lines>
                <line number="2795" hits="0" branch="False" />
                <line number="2797" hits="0" branch="False" />
                <line number="2799" hits="0" branch="False" />
                <line number="2801" hits="0" branch="False" />
                <line number="2802" hits="0" branch="False" />
                <line number="2803" hits="0" branch="False" />
                <line number="2804" hits="0" branch="False" />
                <line number="2805" hits="0" branch="False" />
                <line number="2806" hits="0" branch="False" />
              </lines>
            </method>
          </methods>
          <lines>
            <line number="2811" hits="0" branch="False" />
            <line number="2812" hits="0" branch="False" />
            <line number="2813" hits="0" branch="False" />
            <line number="2814" hits="0" branch="False" />
            <line number="2815" hits="0" branch="False" />
            <line number="2816" hits="0" branch="False" />
            <line number="2817" hits="0" branch="False" />
            <line number="2818" hits="0" branch="False" />
            <line number="2822" hits="0" branch="False" />
            <line number="2823" hits="0" branch="False" />
            <line number="2824" hits="0" branch="False" />
            <line number="2825" hits="0" branch="False" />
            <line number="2826" hits="0" branch="False" />
            <line number="2827" hits="0" branch="False" />
            <line number="2828" hits="0" branch="False" />
            <line number="2829" hits="0" branch="True" condition-coverage="0% (0/2)">
              <conditions>
                <condition number="49" type="jump" coverage="0%" />
              </conditions>
            </line>
            <line number="2830" hits="0" branch="False" />
            <line number="2831" hits="0" branch="False" />
            <line number="2832" hits="0" branch="True" condition-coverage="0% (0/2)">
              <conditions>
                <condition number="72" type="jump" coverage="0%" />
              </conditions>
            </line>
            <line number="2833" hits="0" branch="False" />
            <line number="2834" hits="0" branch="False" />
            <line number="2835" hits="0" branch="False" />
            <line number="2836" hits="0" branch="True" condition-coverage="0% (0/2)">
              <conditions>
                <condition number="109" type="jump" coverage="0%" />
              </conditions>
            </line>
            <line number="2837" hits="0" branch="False" />
            <line number="2838" hits="0" branch="False" />
            <line number="2839" hits="0" branch="False" />
            <line number="2841" hits="0" branch="True" condition-coverage="0% (0/2)">
              <conditions>
                <condition number="135" type="jump" coverage="0%" />
              </conditions>
            </line>
            <line number="2842" hits="0" branch="False" />
            <line number="2843" hits="0" branch="False" />
            <line number="2844" hits="0" branch="False" />
            <line number="2845" hits="0" branch="True" condition-coverage="0% (0/2)">
              <conditions>
                <condition number="178" type="jump" coverage="0%" />
              </conditions>
            </line>
            <line number="2846" hits="0" branch="False" />
            <line number="2847" hits="0" branch="False" />
            <line number="2848" hits="0" branch="False" />
            <line number="2850" hits="0" branch="True" condition-coverage="0% (0/2)">
              <conditions>
                <condition number="204" type="jump" coverage="0%" />
              </conditions>
            </line>
            <line number="2851" hits="0" branch="False" />
            <line number="2852" hits="0" branch="False" />
            <line number="2853" hits="0" branch="False" />
            <line number="2854" hits="0" branch="True" condition-coverage="0% (0/2)">
              <conditions>
                <condition number="247" type="jump" coverage="0%" />
              </conditions>
            </line>
            <line number="2855" hits="0" branch="False" />
            <line number="2856" hits="0" branch="False" />
            <line number="2857" hits="0" branch="False" />
            <line number="2859" hits="0" branch="True" condition-coverage="0% (0/2)">
              <conditions>
                <condition number="270" type="jump" coverage="0%" />
              </conditions>
            </line>
            <line number="2860" hits="0" branch="False" />
            <line number="2861" hits="0" branch="False" />
            <line number="2862" hits="0" branch="False" />
            <line number="2863" hits="0" branch="False" />
            <line number="2865" hits="0" branch="False" />
            <line number="2866" hits="0" branch="False" />
            <line number="2868" hits="0" branch="False" />
            <line number="2873" hits="0" branch="False" />
            <line number="2874" hits="0" branch="True" condition-coverage="0% (0/4)">
              <conditions>
                <condition number="3" type="jump" coverage="0%" />
                <condition number="32" type="jump" coverage="0%" />
              </conditions>
            </line>
            <line number="2875" hits="0" branch="False" />
            <line number="2876" hits="0" branch="True" condition-coverage="0% (0/2)">
              <conditions>
                <condition number="47" type="jump" coverage="0%" />
              </conditions>
            </line>
            <line number="2877" hits="0" branch="False" />
            <line number="2878" hits="0" branch="False" />
            <line number="2879" hits="0" branch="False" />
            <line number="2880" hits="0" branch="False" />
            <line number="2881" hits="0" branch="False" />
            <line number="2883" hits="0" branch="False" />
            <line number="2884" hits="0" branch="False" />
            <line number="2888" hits="0" branch="False" />
            <line number="2889" hits="0" branch="True" condition-coverage="0% (0/2)">
              <conditions>
                <condition number="10" type="jump" coverage="0%" />
              </conditions>
            </line>
            <line number="2890" hits="0" branch="False" />
            <line number="2891" hits="0" branch="False" />
            <line number="2892" hits="0" branch="False" />
            <line number="2893" hits="0" branch="True" condition-coverage="0% (0/4)">
              <conditions>
                <condition number="39" type="jump" coverage="0%" />
                <condition number="58" type="jump" coverage="0%" />
              </conditions>
            </line>
            <line number="2894" hits="0" branch="False" />
            <line number="2895" hits="0" branch="False" />
            <line number="2896" hits="0" branch="False" />
            <line number="2897" hits="0" branch="False" />
            <line number="2898" hits="0" branch="False" />
            <line number="2901" hits="0" branch="False" />
            <line number="2902" hits="0" branch="False" />
            <line number="2795" hits="0" branch="False" />
            <line number="2797" hits="0" branch="False" />
            <line number="2799" hits="0" branch="False" />
            <line number="2801" hits="0" branch="False" />
            <line number="2802" hits="0" branch="False" />
            <line number="2803" hits="0" branch="False" />
            <line number="2804" hits="0" branch="False" />
            <line number="2805" hits="0" branch="False" />
            <line number="2806" hits="0" branch="False" />
          </lines>
        </class>
        <class name="OrleansCodeGen.Aevatar.SignalR.Copier_AevatarSignalRResponse`1" filename="Desktop/agent-smith/aevatar-signalR/src/Aevatar.SignalR/obj/Debug/net9.0/Orleans.CodeGenerator/Orleans.CodeGenerator.OrleansSerializationSourceGenerator/Aevatar.SignalR.orleans.g.cs" line-rate="0" branch-rate="0" complexity="6">
          <methods>
            <method name="DeepCopy" signature="(Aevatar.SignalR.AevatarSignalRResponse`1&lt;TResponse&gt;,Orleans.Serialization.Cloning.CopyContext)" line-rate="0" branch-rate="0" complexity="4">
              <lines>
                <line number="2912" hits="0" branch="False" />
                <line number="2913" hits="0" branch="True" condition-coverage="0% (0/2)">
                  <conditions>
                    <condition number="12" type="jump" coverage="0%" />
                  </conditions>
                </line>
                <line number="2914" hits="0" branch="False" />
                <line number="2915" hits="0" branch="True" condition-coverage="0% (0/2)">
                  <conditions>
                    <condition number="43" type="jump" coverage="0%" />
                  </conditions>
                </line>
                <line number="2916" hits="0" branch="False" />
                <line number="2917" hits="0" branch="False" />
                <line number="2918" hits="0" branch="False" />
                <line number="2919" hits="0" branch="False" />
                <line number="2920" hits="0" branch="False" />
                <line number="2921" hits="0" branch="False" />
              </lines>
            </method>
            <method name="DeepCopy" signature="(Aevatar.SignalR.AevatarSignalRResponse`1&lt;TResponse&gt;,Aevatar.SignalR.AevatarSignalRResponse`1&lt;TResponse&gt;,Orleans.Serialization.Cloning.CopyContext)" line-rate="0" branch-rate="1" complexity="1">
              <lines>
                <line number="2931" hits="0" branch="False" />
                <line number="2932" hits="0" branch="False" />
                <line number="2933" hits="0" branch="False" />
                <line number="2934" hits="0" branch="False" />
                <line number="2935" hits="0" branch="False" />
                <line number="2936" hits="0" branch="False" />
                <line number="2937" hits="0" branch="False" />
              </lines>
            </method>
            <method name=".ctor" signature="(Orleans.Serialization.Serializers.ICodecProvider)" line-rate="0" branch-rate="1" complexity="1">
              <lines>
                <line number="2923" hits="0" branch="False" />
                <line number="2924" hits="0" branch="False" />
                <line number="2925" hits="0" branch="False" />
                <line number="2926" hits="0" branch="False" />
                <line number="2927" hits="0" branch="False" />
              </lines>
            </method>
          </methods>
          <lines>
            <line number="2912" hits="0" branch="False" />
            <line number="2913" hits="0" branch="True" condition-coverage="0% (0/2)">
              <conditions>
                <condition number="12" type="jump" coverage="0%" />
              </conditions>
            </line>
            <line number="2914" hits="0" branch="False" />
            <line number="2915" hits="0" branch="True" condition-coverage="0% (0/2)">
              <conditions>
                <condition number="43" type="jump" coverage="0%" />
              </conditions>
            </line>
            <line number="2916" hits="0" branch="False" />
            <line number="2917" hits="0" branch="False" />
            <line number="2918" hits="0" branch="False" />
            <line number="2919" hits="0" branch="False" />
            <line number="2920" hits="0" branch="False" />
            <line number="2921" hits="0" branch="False" />
            <line number="2931" hits="0" branch="False" />
            <line number="2932" hits="0" branch="False" />
            <line number="2933" hits="0" branch="False" />
            <line number="2934" hits="0" branch="False" />
            <line number="2935" hits="0" branch="False" />
            <line number="2936" hits="0" branch="False" />
            <line number="2937" hits="0" branch="False" />
            <line number="2923" hits="0" branch="False" />
            <line number="2924" hits="0" branch="False" />
            <line number="2925" hits="0" branch="False" />
            <line number="2926" hits="0" branch="False" />
            <line number="2927" hits="0" branch="False" />
          </lines>
        </class>
        <class name="OrleansCodeGen.Aevatar.SignalR.Activator_AevatarSignalRResponse`1" filename="Desktop/agent-smith/aevatar-signalR/src/Aevatar.SignalR/obj/Debug/net9.0/Orleans.CodeGenerator/Orleans.CodeGenerator.OrleansSerializationSourceGenerator/Aevatar.SignalR.orleans.g.cs" line-rate="0" branch-rate="1" complexity="1">
          <methods>
            <method name="Create" signature="()" line-rate="0" branch-rate="1" complexity="1">
              <lines>
                <line number="2943" hits="0" branch="False" />
              </lines>
            </method>
          </methods>
          <lines>
            <line number="2943" hits="0" branch="False" />
          </lines>
        </class>
        <class name="OrleansCodeGen.Aevatar.SignalR.Codec_AllMessage" filename="Desktop/agent-smith/aevatar-signalR/src/Aevatar.SignalR/obj/Debug/net9.0/Orleans.CodeGenerator/Orleans.CodeGenerator.OrleansSerializationSourceGenerator/Aevatar.SignalR.orleans.g.cs" line-rate="0" branch-rate="0" complexity="17">
          <methods>
            <method name="Serialize" signature="(Orleans.Serialization.Buffers.Writer`1&lt;TBufferWriter&gt;&amp;,Aevatar.SignalR.AllMessage)" line-rate="0" branch-rate="1" complexity="1">
              <lines>
                <line number="2967" hits="0" branch="False" />
                <line number="2968" hits="0" branch="False" />
                <line number="2969" hits="0" branch="False" />
                <line number="2970" hits="0" branch="False" />
                <line number="2971" hits="0" branch="False" />
              </lines>
            </method>
            <method name="Deserialize" signature="(Orleans.Serialization.Buffers.Reader`1&lt;TReaderInput&gt;&amp;,Aevatar.SignalR.AllMessage)" line-rate="0" branch-rate="0" complexity="10">
              <lines>
                <line number="2975" hits="0" branch="False" />
                <line number="2976" hits="0" branch="False" />
                <line number="2977" hits="0" branch="False" />
                <line number="2978" hits="0" branch="False" />
                <line number="2979" hits="0" branch="False" />
                <line number="2980" hits="0" branch="False" />
                <line number="2981" hits="0" branch="True" condition-coverage="0% (0/2)">
                  <conditions>
                    <condition number="35" type="jump" coverage="0%" />
                  </conditions>
                </line>
                <line number="2982" hits="0" branch="False" />
                <line number="2983" hits="0" branch="False" />
                <line number="2984" hits="0" branch="True" condition-coverage="0% (0/2)">
                  <conditions>
                    <condition number="58" type="jump" coverage="0%" />
                  </conditions>
                </line>
                <line number="2985" hits="0" branch="False" />
                <line number="2986" hits="0" branch="False" />
                <line number="2987" hits="0" branch="False" />
                <line number="2988" hits="0" branch="True" condition-coverage="0% (0/2)">
                  <conditions>
                    <condition number="106" type="jump" coverage="0%" />
                  </conditions>
                </line>
                <line number="2989" hits="0" branch="False" />
                <line number="2990" hits="0" branch="False" />
                <line number="2991" hits="0" branch="False" />
                <line number="2993" hits="0" branch="True" condition-coverage="0% (0/2)">
                  <conditions>
                    <condition number="129" type="jump" coverage="0%" />
                  </conditions>
                </line>
                <line number="2994" hits="0" branch="False" />
                <line number="2995" hits="0" branch="False" />
                <line number="2996" hits="0" branch="False" />
                <line number="2997" hits="0" branch="False" />
                <line number="2999" hits="0" branch="False" />
                <line number="3000" hits="0" branch="False" />
                <line number="3003" hits="0" branch="False" />
                <line number="3004" hits="0" branch="True" condition-coverage="0% (0/2)">
                  <conditions>
                    <condition number="199" type="jump" coverage="0%" />
                  </conditions>
                </line>
                <line number="3005" hits="0" branch="False" />
                <line number="3006" hits="0" branch="False" />
                <line number="3007" hits="0" branch="False" />
                <line number="3008" hits="0" branch="False" />
                <line number="3009" hits="0" branch="False" />
              </lines>
            </method>
            <method name="WriteField" signature="(Orleans.Serialization.Buffers.Writer`1&lt;TBufferWriter&gt;&amp;,System.UInt32,System.Type,Aevatar.SignalR.AllMessage)" line-rate="0" branch-rate="0" complexity="2">
              <lines>
                <line number="3014" hits="0" branch="False" />
                <line number="3015" hits="0" branch="True" condition-coverage="0% (0/2)">
                  <conditions>
                    <condition number="13" type="jump" coverage="0%" />
                  </conditions>
                </line>
                <line number="3016" hits="0" branch="False" />
                <line number="3017" hits="0" branch="False" />
                <line number="3018" hits="0" branch="False" />
                <line number="3019" hits="0" branch="False" />
                <line number="3020" hits="0" branch="False" />
              </lines>
            </method>
            <method name="ReadValue" signature="(Orleans.Serialization.Buffers.Reader`1&lt;TReaderInput&gt;&amp;,Orleans.Serialization.WireProtocol.Field)" line-rate="0" branch-rate="0" complexity="2">
              <lines>
                <line number="3024" hits="0" branch="False" />
                <line number="3025" hits="0" branch="True" condition-coverage="0% (0/2)">
                  <conditions>
                    <condition number="10" type="jump" coverage="0%" />
                  </conditions>
                </line>
                <line number="3026" hits="0" branch="False" />
                <line number="3027" hits="0" branch="False" />
                <line number="3028" hits="0" branch="False" />
                <line number="3029" hits="0" branch="False" />
                <line number="3030" hits="0" branch="False" />
                <line number="3031" hits="0" branch="False" />
                <line number="3032" hits="0" branch="False" />
              </lines>
            </method>
            <method name=".ctor" signature="(Orleans.Serialization.Activators.IActivator`1&lt;Aevatar.SignalR.AllMessage&gt;,Orleans.Serialization.Serializers.ICodecProvider)" line-rate="0" branch-rate="1" complexity="1">
              <lines>
                <line number="2949" hits="0" branch="False" />
                <line number="2951" hits="0" branch="False" />
                <line number="2953" hits="0" branch="False" />
                <line number="2957" hits="0" branch="False" />
                <line number="2958" hits="0" branch="False" />
                <line number="2959" hits="0" branch="False" />
                <line number="2960" hits="0" branch="False" />
                <line number="2961" hits="0" branch="False" />
                <line number="2962" hits="0" branch="False" />
              </lines>
            </method>
            <method name=".cctor" signature="()" line-rate="0" branch-rate="1" complexity="1">
              <lines>
                <line number="2955" hits="0" branch="False" />
                <line number="2956" hits="0" branch="False" />
              </lines>
            </method>
          </methods>
          <lines>
            <line number="2967" hits="0" branch="False" />
            <line number="2968" hits="0" branch="False" />
            <line number="2969" hits="0" branch="False" />
            <line number="2970" hits="0" branch="False" />
            <line number="2971" hits="0" branch="False" />
            <line number="2975" hits="0" branch="False" />
            <line number="2976" hits="0" branch="False" />
            <line number="2977" hits="0" branch="False" />
            <line number="2978" hits="0" branch="False" />
            <line number="2979" hits="0" branch="False" />
            <line number="2980" hits="0" branch="False" />
            <line number="2981" hits="0" branch="True" condition-coverage="0% (0/2)">
              <conditions>
                <condition number="35" type="jump" coverage="0%" />
              </conditions>
            </line>
            <line number="2982" hits="0" branch="False" />
            <line number="2983" hits="0" branch="False" />
            <line number="2984" hits="0" branch="True" condition-coverage="0% (0/2)">
              <conditions>
                <condition number="58" type="jump" coverage="0%" />
              </conditions>
            </line>
            <line number="2985" hits="0" branch="False" />
            <line number="2986" hits="0" branch="False" />
            <line number="2987" hits="0" branch="False" />
            <line number="2988" hits="0" branch="True" condition-coverage="0% (0/2)">
              <conditions>
                <condition number="106" type="jump" coverage="0%" />
              </conditions>
            </line>
            <line number="2989" hits="0" branch="False" />
            <line number="2990" hits="0" branch="False" />
            <line number="2991" hits="0" branch="False" />
            <line number="2993" hits="0" branch="True" condition-coverage="0% (0/2)">
              <conditions>
                <condition number="129" type="jump" coverage="0%" />
              </conditions>
            </line>
            <line number="2994" hits="0" branch="False" />
            <line number="2995" hits="0" branch="False" />
            <line number="2996" hits="0" branch="False" />
            <line number="2997" hits="0" branch="False" />
            <line number="2999" hits="0" branch="False" />
            <line number="3000" hits="0" branch="False" />
            <line number="3003" hits="0" branch="False" />
            <line number="3004" hits="0" branch="True" condition-coverage="0% (0/2)">
              <conditions>
                <condition number="199" type="jump" coverage="0%" />
              </conditions>
            </line>
            <line number="3005" hits="0" branch="False" />
            <line number="3006" hits="0" branch="False" />
            <line number="3007" hits="0" branch="False" />
            <line number="3008" hits="0" branch="False" />
            <line number="3009" hits="0" branch="False" />
            <line number="3014" hits="0" branch="False" />
            <line number="3015" hits="0" branch="True" condition-coverage="0% (0/2)">
              <conditions>
                <condition number="13" type="jump" coverage="0%" />
              </conditions>
            </line>
            <line number="3016" hits="0" branch="False" />
            <line number="3017" hits="0" branch="False" />
            <line number="3018" hits="0" branch="False" />
            <line number="3019" hits="0" branch="False" />
            <line number="3020" hits="0" branch="False" />
            <line number="3024" hits="0" branch="False" />
            <line number="3025" hits="0" branch="True" condition-coverage="0% (0/2)">
              <conditions>
                <condition number="10" type="jump" coverage="0%" />
              </conditions>
            </line>
            <line number="3026" hits="0" branch="False" />
            <line number="3027" hits="0" branch="False" />
            <line number="3028" hits="0" branch="False" />
            <line number="3029" hits="0" branch="False" />
            <line number="3030" hits="0" branch="False" />
            <line number="3031" hits="0" branch="False" />
            <line number="3032" hits="0" branch="False" />
            <line number="2949" hits="0" branch="False" />
            <line number="2951" hits="0" branch="False" />
            <line number="2953" hits="0" branch="False" />
            <line number="2957" hits="0" branch="False" />
            <line number="2958" hits="0" branch="False" />
            <line number="2959" hits="0" branch="False" />
            <line number="2960" hits="0" branch="False" />
            <line number="2961" hits="0" branch="False" />
            <line number="2962" hits="0" branch="False" />
            <line number="2955" hits="0" branch="False" />
            <line number="2956" hits="0" branch="False" />
          </lines>
        </class>
        <class name="OrleansCodeGen.Aevatar.SignalR.Codec_ClientMessage" filename="Desktop/agent-smith/aevatar-signalR/src/Aevatar.SignalR/obj/Debug/net9.0/Orleans.CodeGenerator/Orleans.CodeGenerator.OrleansSerializationSourceGenerator/Aevatar.SignalR.orleans.g.cs" line-rate="0" branch-rate="0" complexity="21">
          <methods>
            <method name="Serialize" signature="(Orleans.Serialization.Buffers.Writer`1&lt;TBufferWriter&gt;&amp;,Aevatar.SignalR.ClientMessage)" line-rate="0" branch-rate="1" complexity="1">
              <lines>
                <line number="3054" hits="0" branch="False" />
                <line number="3055" hits="0" branch="False" />
                <line number="3056" hits="0" branch="False" />
                <line number="3057" hits="0" branch="False" />
                <line number="3058" hits="0" branch="False" />
                <line number="3059" hits="0" branch="False" />
              </lines>
            </method>
            <method name="Deserialize" signature="(Orleans.Serialization.Buffers.Reader`1&lt;TReaderInput&gt;&amp;,Aevatar.SignalR.ClientMessage)" line-rate="0" branch-rate="0" complexity="14">
              <lines>
                <line number="3063" hits="0" branch="False" />
                <line number="3064" hits="0" branch="False" />
                <line number="3065" hits="0" branch="False" />
                <line number="3066" hits="0" branch="False" />
                <line number="3067" hits="0" branch="False" />
                <line number="3068" hits="0" branch="False" />
                <line number="3069" hits="0" branch="True" condition-coverage="0% (0/2)">
                  <conditions>
                    <condition number="35" type="jump" coverage="0%" />
                  </conditions>
                </line>
                <line number="3070" hits="0" branch="False" />
                <line number="3071" hits="0" branch="False" />
                <line number="3072" hits="0" branch="True" condition-coverage="0% (0/2)">
                  <conditions>
                    <condition number="58" type="jump" coverage="0%" />
                  </conditions>
                </line>
                <line number="3073" hits="0" branch="False" />
                <line number="3074" hits="0" branch="False" />
                <line number="3075" hits="0" branch="False" />
                <line number="3076" hits="0" branch="True" condition-coverage="0% (0/2)">
                  <conditions>
                    <condition number="100" type="jump" coverage="0%" />
                  </conditions>
                </line>
                <line number="3077" hits="0" branch="False" />
                <line number="3078" hits="0" branch="False" />
                <line number="3079" hits="0" branch="False" />
                <line number="3081" hits="0" branch="True" condition-coverage="0% (0/2)">
                  <conditions>
                    <condition number="126" type="jump" coverage="0%" />
                  </conditions>
                </line>
                <line number="3082" hits="0" branch="False" />
                <line number="3083" hits="0" branch="False" />
                <line number="3084" hits="0" branch="False" />
                <line number="3085" hits="0" branch="True" condition-coverage="0% (0/2)">
                  <conditions>
                    <condition number="168" type="jump" coverage="0%" />
                  </conditions>
                </line>
                <line number="3086" hits="0" branch="False" />
                <line number="3087" hits="0" branch="False" />
                <line number="3088" hits="0" branch="False" />
                <line number="3090" hits="0" branch="True" condition-coverage="0% (0/2)">
                  <conditions>
                    <condition number="191" type="jump" coverage="0%" />
                  </conditions>
                </line>
                <line number="3091" hits="0" branch="False" />
                <line number="3092" hits="0" branch="False" />
                <line number="3093" hits="0" branch="False" />
                <line number="3094" hits="0" branch="False" />
                <line number="3096" hits="0" branch="False" />
                <line number="3097" hits="0" branch="False" />
                <line number="3100" hits="0" branch="False" />
                <line number="3101" hits="0" branch="True" condition-coverage="0% (0/2)">
                  <conditions>
                    <condition number="261" type="jump" coverage="0%" />
                  </conditions>
                </line>
                <line number="3102" hits="0" branch="False" />
                <line number="3103" hits="0" branch="False" />
                <line number="3104" hits="0" branch="False" />
                <line number="3105" hits="0" branch="False" />
                <line number="3106" hits="0" branch="False" />
              </lines>
            </method>
            <method name="WriteField" signature="(Orleans.Serialization.Buffers.Writer`1&lt;TBufferWriter&gt;&amp;,System.UInt32,System.Type,Aevatar.SignalR.ClientMessage)" line-rate="0" branch-rate="0" complexity="2">
              <lines>
                <line number="3111" hits="0" branch="False" />
                <line number="3112" hits="0" branch="True" condition-coverage="0% (0/2)">
                  <conditions>
                    <condition number="13" type="jump" coverage="0%" />
                  </conditions>
                </line>
                <line number="3113" hits="0" branch="False" />
                <line number="3114" hits="0" branch="False" />
                <line number="3115" hits="0" branch="False" />
                <line number="3116" hits="0" branch="False" />
                <line number="3117" hits="0" branch="False" />
              </lines>
            </method>
            <method name="ReadValue" signature="(Orleans.Serialization.Buffers.Reader`1&lt;TReaderInput&gt;&amp;,Orleans.Serialization.WireProtocol.Field)" line-rate="0" branch-rate="0" complexity="2">
              <lines>
                <line number="3121" hits="0" branch="False" />
                <line number="3122" hits="0" branch="True" condition-coverage="0% (0/2)">
                  <conditions>
                    <condition number="10" type="jump" coverage="0%" />
                  </conditions>
                </line>
                <line number="3123" hits="0" branch="False" />
                <line number="3124" hits="0" branch="False" />
                <line number="3125" hits="0" branch="False" />
                <line number="3126" hits="0" branch="False" />
                <line number="3127" hits="0" branch="False" />
                <line number="3128" hits="0" branch="False" />
                <line number="3129" hits="0" branch="False" />
              </lines>
            </method>
            <method name=".ctor" signature="(Orleans.Serialization.Activators.IActivator`1&lt;Aevatar.SignalR.ClientMessage&gt;,Orleans.Serialization.Serializers.ICodecProvider)" line-rate="0" branch-rate="1" complexity="1">
              <lines>
                <line number="3038" hits="0" branch="False" />
                <line number="3040" hits="0" branch="False" />
                <line number="3045" hits="0" branch="False" />
                <line number="3046" hits="0" branch="False" />
                <line number="3047" hits="0" branch="False" />
                <line number="3048" hits="0" branch="False" />
                <line number="3049" hits="0" branch="False" />
              </lines>
            </method>
            <method name=".cctor" signature="()" line-rate="0" branch-rate="1" complexity="1">
              <lines>
                <line number="3042" hits="0" branch="False" />
                <line number="3043" hits="0" branch="False" />
                <line number="3044" hits="0" branch="False" />
              </lines>
            </method>
          </methods>
          <lines>
            <line number="3054" hits="0" branch="False" />
            <line number="3055" hits="0" branch="False" />
            <line number="3056" hits="0" branch="False" />
            <line number="3057" hits="0" branch="False" />
            <line number="3058" hits="0" branch="False" />
            <line number="3059" hits="0" branch="False" />
            <line number="3063" hits="0" branch="False" />
            <line number="3064" hits="0" branch="False" />
            <line number="3065" hits="0" branch="False" />
            <line number="3066" hits="0" branch="False" />
            <line number="3067" hits="0" branch="False" />
            <line number="3068" hits="0" branch="False" />
            <line number="3069" hits="0" branch="True" condition-coverage="0% (0/2)">
              <conditions>
                <condition number="35" type="jump" coverage="0%" />
              </conditions>
            </line>
            <line number="3070" hits="0" branch="False" />
            <line number="3071" hits="0" branch="False" />
            <line number="3072" hits="0" branch="True" condition-coverage="0% (0/2)">
              <conditions>
                <condition number="58" type="jump" coverage="0%" />
              </conditions>
            </line>
            <line number="3073" hits="0" branch="False" />
            <line number="3074" hits="0" branch="False" />
            <line number="3075" hits="0" branch="False" />
            <line number="3076" hits="0" branch="True" condition-coverage="0% (0/2)">
              <conditions>
                <condition number="100" type="jump" coverage="0%" />
              </conditions>
            </line>
            <line number="3077" hits="0" branch="False" />
            <line number="3078" hits="0" branch="False" />
            <line number="3079" hits="0" branch="False" />
            <line number="3081" hits="0" branch="True" condition-coverage="0% (0/2)">
              <conditions>
                <condition number="126" type="jump" coverage="0%" />
              </conditions>
            </line>
            <line number="3082" hits="0" branch="False" />
            <line number="3083" hits="0" branch="False" />
            <line number="3084" hits="0" branch="False" />
            <line number="3085" hits="0" branch="True" condition-coverage="0% (0/2)">
              <conditions>
                <condition number="168" type="jump" coverage="0%" />
              </conditions>
            </line>
            <line number="3086" hits="0" branch="False" />
            <line number="3087" hits="0" branch="False" />
            <line number="3088" hits="0" branch="False" />
            <line number="3090" hits="0" branch="True" condition-coverage="0% (0/2)">
              <conditions>
                <condition number="191" type="jump" coverage="0%" />
              </conditions>
            </line>
            <line number="3091" hits="0" branch="False" />
            <line number="3092" hits="0" branch="False" />
            <line number="3093" hits="0" branch="False" />
            <line number="3094" hits="0" branch="False" />
            <line number="3096" hits="0" branch="False" />
            <line number="3097" hits="0" branch="False" />
            <line number="3100" hits="0" branch="False" />
            <line number="3101" hits="0" branch="True" condition-coverage="0% (0/2)">
              <conditions>
                <condition number="261" type="jump" coverage="0%" />
              </conditions>
            </line>
            <line number="3102" hits="0" branch="False" />
            <line number="3103" hits="0" branch="False" />
            <line number="3104" hits="0" branch="False" />
            <line number="3105" hits="0" branch="False" />
            <line number="3106" hits="0" branch="False" />
            <line number="3111" hits="0" branch="False" />
            <line number="3112" hits="0" branch="True" condition-coverage="0% (0/2)">
              <conditions>
                <condition number="13" type="jump" coverage="0%" />
              </conditions>
            </line>
            <line number="3113" hits="0" branch="False" />
            <line number="3114" hits="0" branch="False" />
            <line number="3115" hits="0" branch="False" />
            <line number="3116" hits="0" branch="False" />
            <line number="3117" hits="0" branch="False" />
            <line number="3121" hits="0" branch="False" />
            <line number="3122" hits="0" branch="True" condition-coverage="0% (0/2)">
              <conditions>
                <condition number="10" type="jump" coverage="0%" />
              </conditions>
            </line>
            <line number="3123" hits="0" branch="False" />
            <line number="3124" hits="0" branch="False" />
            <line number="3125" hits="0" branch="False" />
            <line number="3126" hits="0" branch="False" />
            <line number="3127" hits="0" branch="False" />
            <line number="3128" hits="0" branch="False" />
            <line number="3129" hits="0" branch="False" />
            <line number="3038" hits="0" branch="False" />
            <line number="3040" hits="0" branch="False" />
            <line number="3045" hits="0" branch="False" />
            <line number="3046" hits="0" branch="False" />
            <line number="3047" hits="0" branch="False" />
            <line number="3048" hits="0" branch="False" />
            <line number="3049" hits="0" branch="False" />
            <line number="3042" hits="0" branch="False" />
            <line number="3043" hits="0" branch="False" />
            <line number="3044" hits="0" branch="False" />
          </lines>
        </class>
        <class name="OrleansCodeGen.Aevatar.SignalR.Codec_ClientNotification" filename="Desktop/agent-smith/aevatar-signalR/src/Aevatar.SignalR/obj/Debug/net9.0/Orleans.CodeGenerator/Orleans.CodeGenerator.OrleansSerializationSourceGenerator/Aevatar.SignalR.orleans.g.cs" line-rate="0" branch-rate="0" complexity="26">
          <methods>
            <method name="Serialize" signature="(Orleans.Serialization.Buffers.Writer`1&lt;TBufferWriter&gt;&amp;,Aevatar.SignalR.ClientNotification)" line-rate="0" branch-rate="1" complexity="1">
              <lines>
                <line number="3151" hits="0" branch="False" />
                <line number="3152" hits="0" branch="False" />
                <line number="3153" hits="0" branch="False" />
                <line number="3154" hits="0" branch="False" />
                <line number="3155" hits="0" branch="False" />
              </lines>
            </method>
            <method name="Deserialize" signature="(Orleans.Serialization.Buffers.Reader`1&lt;TReaderInput&gt;&amp;,Aevatar.SignalR.ClientNotification)" line-rate="0" branch-rate="0" complexity="12">
              <lines>
                <line number="3159" hits="0" branch="False" />
                <line number="3160" hits="0" branch="False" />
                <line number="3161" hits="0" branch="False" />
                <line number="3162" hits="0" branch="False" />
                <line number="3163" hits="0" branch="False" />
                <line number="3164" hits="0" branch="False" />
                <line number="3165" hits="0" branch="True" condition-coverage="0% (0/2)">
                  <conditions>
                    <condition number="35" type="jump" coverage="0%" />
                  </conditions>
                </line>
                <line number="3166" hits="0" branch="False" />
                <line number="3167" hits="0" branch="False" />
                <line number="3168" hits="0" branch="True" condition-coverage="0% (0/2)">
                  <conditions>
                    <condition number="58" type="jump" coverage="0%" />
                  </conditions>
                </line>
                <line number="3169" hits="0" branch="False" />
                <line number="3170" hits="0" branch="False" />
                <line number="3171" hits="0" branch="False" />
                <line number="3172" hits="0" branch="True" condition-coverage="0% (0/2)">
                  <conditions>
                    <condition number="95" type="jump" coverage="0%" />
                  </conditions>
                </line>
                <line number="3173" hits="0" branch="False" />
                <line number="3174" hits="0" branch="False" />
                <line number="3175" hits="0" branch="False" />
                <line number="3177" hits="0" branch="True" condition-coverage="0% (0/2)">
                  <conditions>
                    <condition number="121" type="jump" coverage="0%" />
                  </conditions>
                </line>
                <line number="3178" hits="0" branch="False" />
                <line number="3179" hits="0" branch="False" />
                <line number="3180" hits="0" branch="False" />
                <line number="3181" hits="0" branch="True" condition-coverage="0% (0/2)">
                  <conditions>
                    <condition number="164" type="jump" coverage="0%" />
                  </conditions>
                </line>
                <line number="3182" hits="0" branch="False" />
                <line number="3183" hits="0" branch="False" />
                <line number="3184" hits="0" branch="False" />
                <line number="3186" hits="0" branch="True" condition-coverage="0% (0/2)">
                  <conditions>
                    <condition number="187" type="jump" coverage="0%" />
                  </conditions>
                </line>
                <line number="3187" hits="0" branch="False" />
                <line number="3188" hits="0" branch="False" />
                <line number="3189" hits="0" branch="False" />
                <line number="3190" hits="0" branch="False" />
                <line number="3192" hits="0" branch="False" />
                <line number="3193" hits="0" branch="False" />
                <line number="3195" hits="0" branch="False" />
              </lines>
            </method>
            <method name="WriteField" signature="(Orleans.Serialization.Buffers.Writer`1&lt;TBufferWriter&gt;&amp;,System.UInt32,System.Type,Aevatar.SignalR.ClientNotification)" line-rate="0" branch-rate="0" complexity="6">
              <lines>
                <line number="3200" hits="0" branch="False" />
                <line number="3201" hits="0" branch="True" condition-coverage="0% (0/4)">
                  <conditions>
                    <condition number="3" type="jump" coverage="0%" />
                    <condition number="32" type="jump" coverage="0%" />
                  </conditions>
                </line>
                <line number="3202" hits="0" branch="False" />
                <line number="3203" hits="0" branch="True" condition-coverage="0% (0/2)">
                  <conditions>
                    <condition number="47" type="jump" coverage="0%" />
                  </conditions>
                </line>
                <line number="3204" hits="0" branch="False" />
                <line number="3205" hits="0" branch="False" />
                <line number="3206" hits="0" branch="False" />
                <line number="3207" hits="0" branch="False" />
                <line number="3208" hits="0" branch="False" />
                <line number="3210" hits="0" branch="False" />
                <line number="3211" hits="0" branch="False" />
              </lines>
            </method>
            <method name="ReadValue" signature="(Orleans.Serialization.Buffers.Reader`1&lt;TReaderInput&gt;&amp;,Orleans.Serialization.WireProtocol.Field)" line-rate="0" branch-rate="0" complexity="6">
              <lines>
                <line number="3215" hits="0" branch="False" />
                <line number="3216" hits="0" branch="True" condition-coverage="0% (0/2)">
                  <conditions>
                    <condition number="10" type="jump" coverage="0%" />
                  </conditions>
                </line>
                <line number="3217" hits="0" branch="False" />
                <line number="3218" hits="0" branch="False" />
                <line number="3219" hits="0" branch="False" />
                <line number="3220" hits="0" branch="True" condition-coverage="0% (0/4)">
                  <conditions>
                    <condition number="39" type="jump" coverage="0%" />
                    <condition number="58" type="jump" coverage="0%" />
                  </conditions>
                </line>
                <line number="3221" hits="0" branch="False" />
                <line number="3222" hits="0" branch="False" />
                <line number="3223" hits="0" branch="False" />
                <line number="3224" hits="0" branch="False" />
                <line number="3225" hits="0" branch="False" />
                <line number="3228" hits="0" branch="False" />
                <line number="3229" hits="0" branch="False" />
              </lines>
            </method>
            <method name=".ctor" signature="(Orleans.Serialization.Activators.IActivator`1&lt;Aevatar.SignalR.ClientNotification&gt;,Orleans.Serialization.Serializers.ICodecProvider)" line-rate="0" branch-rate="1" complexity="1">
              <lines>
                <line number="3135" hits="0" branch="False" />
                <line number="3137" hits="0" branch="False" />
                <line number="3139" hits="0" branch="False" />
                <line number="3141" hits="0" branch="False" />
                <line number="3142" hits="0" branch="False" />
                <line number="3143" hits="0" branch="False" />
                <line number="3144" hits="0" branch="False" />
                <line number="3145" hits="0" branch="False" />
                <line number="3146" hits="0" branch="False" />
              </lines>
            </method>
          </methods>
          <lines>
            <line number="3151" hits="0" branch="False" />
            <line number="3152" hits="0" branch="False" />
            <line number="3153" hits="0" branch="False" />
            <line number="3154" hits="0" branch="False" />
            <line number="3155" hits="0" branch="False" />
            <line number="3159" hits="0" branch="False" />
            <line number="3160" hits="0" branch="False" />
            <line number="3161" hits="0" branch="False" />
            <line number="3162" hits="0" branch="False" />
            <line number="3163" hits="0" branch="False" />
            <line number="3164" hits="0" branch="False" />
            <line number="3165" hits="0" branch="True" condition-coverage="0% (0/2)">
              <conditions>
                <condition number="35" type="jump" coverage="0%" />
              </conditions>
            </line>
            <line number="3166" hits="0" branch="False" />
            <line number="3167" hits="0" branch="False" />
            <line number="3168" hits="0" branch="True" condition-coverage="0% (0/2)">
              <conditions>
                <condition number="58" type="jump" coverage="0%" />
              </conditions>
            </line>
            <line number="3169" hits="0" branch="False" />
            <line number="3170" hits="0" branch="False" />
            <line number="3171" hits="0" branch="False" />
            <line number="3172" hits="0" branch="True" condition-coverage="0% (0/2)">
              <conditions>
                <condition number="95" type="jump" coverage="0%" />
              </conditions>
            </line>
            <line number="3173" hits="0" branch="False" />
            <line number="3174" hits="0" branch="False" />
            <line number="3175" hits="0" branch="False" />
            <line number="3177" hits="0" branch="True" condition-coverage="0% (0/2)">
              <conditions>
                <condition number="121" type="jump" coverage="0%" />
              </conditions>
            </line>
            <line number="3178" hits="0" branch="False" />
            <line number="3179" hits="0" branch="False" />
            <line number="3180" hits="0" branch="False" />
            <line number="3181" hits="0" branch="True" condition-coverage="0% (0/2)">
              <conditions>
                <condition number="164" type="jump" coverage="0%" />
              </conditions>
            </line>
            <line number="3182" hits="0" branch="False" />
            <line number="3183" hits="0" branch="False" />
            <line number="3184" hits="0" branch="False" />
            <line number="3186" hits="0" branch="True" condition-coverage="0% (0/2)">
              <conditions>
                <condition number="187" type="jump" coverage="0%" />
              </conditions>
            </line>
            <line number="3187" hits="0" branch="False" />
            <line number="3188" hits="0" branch="False" />
            <line number="3189" hits="0" branch="False" />
            <line number="3190" hits="0" branch="False" />
            <line number="3192" hits="0" branch="False" />
            <line number="3193" hits="0" branch="False" />
            <line number="3195" hits="0" branch="False" />
            <line number="3200" hits="0" branch="False" />
            <line number="3201" hits="0" branch="True" condition-coverage="0% (0/4)">
              <conditions>
                <condition number="3" type="jump" coverage="0%" />
                <condition number="32" type="jump" coverage="0%" />
              </conditions>
            </line>
            <line number="3202" hits="0" branch="False" />
            <line number="3203" hits="0" branch="True" condition-coverage="0% (0/2)">
              <conditions>
                <condition number="47" type="jump" coverage="0%" />
              </conditions>
            </line>
            <line number="3204" hits="0" branch="False" />
            <line number="3205" hits="0" branch="False" />
            <line number="3206" hits="0" branch="False" />
            <line number="3207" hits="0" branch="False" />
            <line number="3208" hits="0" branch="False" />
            <line number="3210" hits="0" branch="False" />
            <line number="3211" hits="0" branch="False" />
            <line number="3215" hits="0" branch="False" />
            <line number="3216" hits="0" branch="True" condition-coverage="0% (0/2)">
              <conditions>
                <condition number="10" type="jump" coverage="0%" />
              </conditions>
            </line>
            <line number="3217" hits="0" branch="False" />
            <line number="3218" hits="0" branch="False" />
            <line number="3219" hits="0" branch="False" />
            <line number="3220" hits="0" branch="True" condition-coverage="0% (0/4)">
              <conditions>
                <condition number="39" type="jump" coverage="0%" />
                <condition number="58" type="jump" coverage="0%" />
              </conditions>
            </line>
            <line number="3221" hits="0" branch="False" />
            <line number="3222" hits="0" branch="False" />
            <line number="3223" hits="0" branch="False" />
            <line number="3224" hits="0" branch="False" />
            <line number="3225" hits="0" branch="False" />
            <line number="3228" hits="0" branch="False" />
            <line number="3229" hits="0" branch="False" />
            <line number="3135" hits="0" branch="False" />
            <line number="3137" hits="0" branch="False" />
            <line number="3139" hits="0" branch="False" />
            <line number="3141" hits="0" branch="False" />
            <line number="3142" hits="0" branch="False" />
            <line number="3143" hits="0" branch="False" />
            <line number="3144" hits="0" branch="False" />
            <line number="3145" hits="0" branch="False" />
            <line number="3146" hits="0" branch="False" />
          </lines>
        </class>
        <class name="OrleansCodeGen.Aevatar.SignalR.Copier_ClientNotification" filename="Desktop/agent-smith/aevatar-signalR/src/Aevatar.SignalR/obj/Debug/net9.0/Orleans.CodeGenerator/Orleans.CodeGenerator.OrleansSerializationSourceGenerator/Aevatar.SignalR.orleans.g.cs" line-rate="0" branch-rate="0" complexity="6">
          <methods>
            <method name="DeepCopy" signature="(Aevatar.SignalR.ClientNotification,Orleans.Serialization.Cloning.CopyContext)" line-rate="0" branch-rate="0" complexity="4">
              <lines>
                <line number="3240" hits="0" branch="False" />
                <line number="3241" hits="0" branch="True" condition-coverage="0% (0/2)">
                  <conditions>
                    <condition number="12" type="jump" coverage="0%" />
                  </conditions>
                </line>
                <line number="3242" hits="0" branch="False" />
                <line number="3243" hits="0" branch="True" condition-coverage="0% (0/2)">
                  <conditions>
                    <condition number="43" type="jump" coverage="0%" />
                  </conditions>
                </line>
                <line number="3244" hits="0" branch="False" />
                <line number="3245" hits="0" branch="False" />
                <line number="3246" hits="0" branch="False" />
                <line number="3247" hits="0" branch="False" />
                <line number="3248" hits="0" branch="False" />
                <line number="3249" hits="0" branch="False" />
              </lines>
            </method>
            <method name="DeepCopy" signature="(Aevatar.SignalR.ClientNotification,Aevatar.SignalR.ClientNotification,Orleans.Serialization.Cloning.CopyContext)" line-rate="0" branch-rate="1" complexity="1">
              <lines>
                <line number="3260" hits="0" branch="False" />
                <line number="3261" hits="0" branch="False" />
                <line number="3262" hits="0" branch="False" />
                <line number="3263" hits="0" branch="False" />
                <line number="3264" hits="0" branch="False" />
              </lines>
            </method>
            <method name=".ctor" signature="(Orleans.Serialization.Activators.IActivator`1&lt;Aevatar.SignalR.ClientNotification&gt;,Orleans.Serialization.Serializers.ICodecProvider)" line-rate="0" branch-rate="1" complexity="1">
              <lines>
                <line number="3251" hits="0" branch="False" />
                <line number="3252" hits="0" branch="False" />
                <line number="3253" hits="0" branch="False" />
                <line number="3254" hits="0" branch="False" />
                <line number="3255" hits="0" branch="False" />
                <line number="3256" hits="0" branch="False" />
              </lines>
            </method>
          </methods>
          <lines>
            <line number="3240" hits="0" branch="False" />
            <line number="3241" hits="0" branch="True" condition-coverage="0% (0/2)">
              <conditions>
[...]
          <methods>
            <method name=".ctor" signature="()" line-rate="1" branch-rate="1" complexity="1">
              <lines>
                <line number="12" hits="7" branch="False" />
                <line number="13" hits="7" branch="False" />
                <line number="14" hits="7" branch="False" />
                <line number="15" hits="7" branch="False" />
              </lines>
            </method>
          </methods>
          <lines>
            <line number="12" hits="7" branch="False" />
            <line number="13" hits="7" branch="False" />
            <line number="14" hits="7" branch="False" />
            <line number="15" hits="7" branch="False" />
          </lines>
        </class>
        <class name="Aevatar.TestBase.AevatarTestBaseModule" filename="Desktop/agent-smith/aevatar-signalR/test/Aevatar.TestBase/AevatarTestBaseModule.cs" line-rate="0.8332999999999999" branch-rate="1" complexity="1">
          <methods>
            <method name="ConfigureServices" signature="(Volo.Abp.Modularity.ServiceConfigurationContext)" line-rate="0.8332999999999999" branch-rate="1" complexity="1">
              <lines>
                <line number="20" hits="7" branch="False" />
                <line number="21" hits="7" branch="False" />
                <line number="22" hits="0" branch="False" />
                <line number="23" hits="0" branch="False" />
                <line number="24" hits="7" branch="False" />
                <line number="25" hits="7" branch="False" />
                <line number="26" hits="8" branch="False" />
                <line number="27" hits="7" branch="False" />
                <line number="28" hits="10" branch="False" />
                <line number="29" hits="7" branch="False" />
                <line number="30" hits="7" branch="False" />
                <line number="31" hits="7" branch="False" />
              </lines>
            </method>
          </methods>
          <lines>
            <line number="20" hits="7" branch="False" />
            <line number="21" hits="7" branch="False" />
            <line number="22" hits="0" branch="False" />
            <line number="23" hits="0" branch="False" />
            <line number="24" hits="7" branch="False" />
            <line number="25" hits="7" branch="False" />
            <line number="26" hits="8" branch="False" />
            <line number="27" hits="7" branch="False" />
            <line number="28" hits="10" branch="False" />
            <line number="29" hits="7" branch="False" />
            <line number="30" hits="7" branch="False" />
            <line number="31" hits="7" branch="False" />
          </lines>
        </class>
        <class name="Aevatar.TestBase.ClusterFixture" filename="Desktop/agent-smith/aevatar-signalR/test/Aevatar.TestBase/ClusterFixture.cs" line-rate="1" branch-rate="1" complexity="4">
          <methods>
            <method name="get_LoggerProvider" signature="()" line-rate="1" branch-rate="1" complexity="1">
              <lines>
                <line number="25" hits="14" branch="False" />
              </lines>
            </method>
            <method name="Dispose" signature="()" line-rate="1" branch-rate="1" complexity="1">
              <lines>
                <line number="37" hits="7" branch="False" />
                <line number="38" hits="7" branch="False" />
                <line number="39" hits="7" branch="False" />
              </lines>
            </method>
            <method name="get_Cluster" signature="()" line-rate="1" branch-rate="1" complexity="1">
              <lines>
                <line number="41" hits="32" branch="False" />
              </lines>
            </method>
            <method name=".ctor" signature="()" line-rate="1" branch-rate="1" complexity="1">
              <lines>
                <line number="27" hits="7" branch="False" />
                <line number="28" hits="7" branch="False" />
                <line number="29" hits="7" branch="False" />
                <line number="30" hits="7" branch="False" />
                <line number="31" hits="7" branch="False" />
                <line number="32" hits="7" branch="False" />
                <line number="33" hits="7" branch="False" />
                <line number="34" hits="7" branch="False" />
              </lines>
            </method>
          </methods>
          <lines>
            <line number="25" hits="14" branch="False" />
            <line number="37" hits="7" branch="False" />
            <line number="38" hits="7" branch="False" />
            <line number="39" hits="7" branch="False" />
            <line number="41" hits="32" branch="False" />
            <line number="27" hits="7" branch="False" />
            <line number="28" hits="7" branch="False" />
            <line number="29" hits="7" branch="False" />
            <line number="30" hits="7" branch="False" />
            <line number="31" hits="7" branch="False" />
            <line number="32" hits="7" branch="False" />
            <line number="33" hits="7" branch="False" />
            <line number="34" hits="7" branch="False" />
          </lines>
        </class>
        <class name="Aevatar.TestBase.ClusterFixture/TestSiloConfigurations" filename="Desktop/agent-smith/aevatar-signalR/test/Aevatar.TestBase/ClusterFixture.cs" line-rate="0.9295" branch-rate="1" complexity="12">
          <methods>
            <method name="Configure" signature="(Orleans.Hosting.ISiloBuilder)" line-rate="0.9295" branch-rate="1" complexity="12">
              <lines>
                <line number="46" hits="14" branch="False" />
                <line number="47" hits="14" branch="False" />
                <line number="48" hits="14" branch="False" />
                <line number="49" hits="14" branch="False" />
                <line number="50" hits="14" branch="False" />
                <line number="52" hits="14" branch="False" />
                <line number="53" hits="14" branch="False" />
                <line number="54" hits="14" branch="False" />
                <line number="55" hits="14" branch="False" />
                <line number="56" hits="14" branch="False" />
                <line number="57" hits="14" branch="False" />
                <line number="58" hits="14" branch="False" />
                <line number="59" hits="14" branch="False" />
                <line number="60" hits="14" branch="False" />
                <line number="61" hits="14" branch="False" />
                <line number="62" hits="14" branch="False" />
                <line number="63" hits="14" branch="False" />
                <line number="64" hits="14" branch="False" />
                <line number="65" hits="14" branch="False" />
                <line number="66" hits="14" branch="False" />
                <line number="67" hits="28" branch="False" />
                <line number="68" hits="14" branch="False" />
                <line number="69" hits="0" branch="False" />
                <line number="70" hits="0" branch="False" />
                <line number="71" hits="0" branch="False" />
                <line number="72" hits="0" branch="False" />
                <line number="73" hits="0" branch="False" />
                <line number="74" hits="14" branch="False" />
                <line number="75" hits="14" branch="False" />
                <line number="76" hits="14" branch="False" />
                <line number="77" hits="14" branch="False" />
                <line number="78" hits="14" branch="False" />
                <line number="79" hits="14" branch="False" />
                <line number="80" hits="14" branch="False" />
                <line number="81" hits="14" branch="False" />
                <line number="82" hits="14" branch="False" />
                <line number="83" hits="14" branch="False" />
                <line number="84" hits="14" branch="False" />
                <line number="85" hits="14" branch="False" />
                <line number="86" hits="14" branch="False" />
                <line number="87" hits="14" branch="False" />
                <line number="88" hits="14" branch="False" />
                <line number="89" hits="5800" branch="True" condition-coverage="100% (2/2)">
                  <conditions>
                    <condition number="417" type="jump" coverage="100%" />
                  </conditions>
                </line>
                <line number="90" hits="2879" branch="False" />
                <line number="91" hits="2879" branch="True" condition-coverage="100% (2/2)">
                  <conditions>
                    <condition number="361" type="jump" coverage="100%" />
                  </conditions>
                </line>
                <line number="92" hits="385726" branch="True" condition-coverage="100% (6/6)">
                  <conditions>
                    <condition number="12" type="jump" coverage="100%" />
                    <condition number="15" type="jump" coverage="100%" />
                    <condition number="23" type="jump" coverage="100%" />
                  </conditions>
                </line>
                <line number="93" hits="2879" branch="False" />
                <line number="94" hits="2879" branch="False" />
                <line number="95" hits="14" branch="False" />
                <line number="96" hits="14" branch="False" />
                <line number="97" hits="462" branch="True" condition-coverage="100% (2/2)">
                  <conditions>
                    <condition number="488" type="jump" coverage="100%" />
                  </conditions>
                </line>
                <line number="98" hits="210" branch="False" />
                <line number="99" hits="210" branch="False" />
                <line number="100" hits="210" branch="False" />
                <line number="101" hits="210" branch="False" />
                <line number="102" hits="14" branch="False" />
                <line number="103" hits="14" branch="False" />
                <line number="104" hits="14" branch="False" />
                <line number="105" hits="14" branch="False" />
                <line number="106" hits="14" branch="False" />
                <line number="107" hits="14" branch="False" />
                <line number="108" hits="14" branch="False" />
                <line number="109" hits="14" branch="False" />
                <line number="110" hits="14" branch="False" />
                <line number="111" hits="14" branch="False" />
                <line number="112" hits="14" branch="False" />
                <line number="113" hits="14" branch="False" />
                <line number="114" hits="14" branch="False" />
                <line number="115" hits="14" branch="False" />
                <line number="116" hits="14" branch="False" />
                <line number="117" hits="14" branch="False" />
              </lines>
            </method>
          </methods>
          <lines>
            <line number="46" hits="14" branch="False" />
            <line number="47" hits="14" branch="False" />
            <line number="48" hits="14" branch="False" />
            <line number="49" hits="14" branch="False" />
            <line number="50" hits="14" branch="False" />
            <line number="52" hits="14" branch="False" />
            <line number="53" hits="14" branch="False" />
            <line number="54" hits="14" branch="False" />
            <line number="55" hits="14" branch="False" />
            <line number="56" hits="14" branch="False" />
            <line number="57" hits="14" branch="False" />
            <line number="58" hits="14" branch="False" />
            <line number="59" hits="14" branch="False" />
            <line number="60" hits="14" branch="False" />
            <line number="61" hits="14" branch="False" />
            <line number="62" hits="14" branch="False" />
            <line number="63" hits="14" branch="False" />
            <line number="64" hits="14" branch="False" />
            <line number="65" hits="14" branch="False" />
            <line number="66" hits="14" branch="False" />
            <line number="67" hits="28" branch="False" />
            <line number="68" hits="14" branch="False" />
            <line number="69" hits="0" branch="False" />
            <line number="70" hits="0" branch="False" />
            <line number="71" hits="0" branch="False" />
            <line number="72" hits="0" branch="False" />
            <line number="73" hits="0" branch="False" />
            <line number="74" hits="14" branch="False" />
            <line number="75" hits="14" branch="False" />
            <line number="76" hits="14" branch="False" />
            <line number="77" hits="14" branch="False" />
            <line number="78" hits="14" branch="False" />
            <line number="79" hits="14" branch="False" />
            <line number="80" hits="14" branch="False" />
            <line number="81" hits="14" branch="False" />
            <line number="82" hits="14" branch="False" />
            <line number="83" hits="14" branch="False" />
            <line number="84" hits="14" branch="False" />
            <line number="85" hits="14" branch="False" />
            <line number="86" hits="14" branch="False" />
            <line number="87" hits="14" branch="False" />
            <line number="88" hits="14" branch="False" />
            <line number="89" hits="5800" branch="True" condition-coverage="100% (2/2)">
              <conditions>
                <condition number="417" type="jump" coverage="100%" />
              </conditions>
            </line>
            <line number="90" hits="2879" branch="False" />
            <line number="91" hits="2879" branch="True" condition-coverage="100% (2/2)">
              <conditions>
                <condition number="361" type="jump" coverage="100%" />
              </conditions>
            </line>
            <line number="92" hits="385726" branch="True" condition-coverage="100% (6/6)">
              <conditions>
                <condition number="12" type="jump" coverage="100%" />
                <condition number="15" type="jump" coverage="100%" />
                <condition number="23" type="jump" coverage="100%" />
              </conditions>
            </line>
            <line number="93" hits="2879" branch="False" />
            <line number="94" hits="2879" branch="False" />
            <line number="95" hits="14" branch="False" />
            <line number="96" hits="14" branch="False" />
            <line number="97" hits="462" branch="True" condition-coverage="100% (2/2)">
              <conditions>
                <condition number="488" type="jump" coverage="100%" />
              </conditions>
            </line>
            <line number="98" hits="210" branch="False" />
            <line number="99" hits="210" branch="False" />
            <line number="100" hits="210" branch="False" />
            <line number="101" hits="210" branch="False" />
            <line number="102" hits="14" branch="False" />
            <line number="103" hits="14" branch="False" />
            <line number="104" hits="14" branch="False" />
            <line number="105" hits="14" branch="False" />
            <line number="106" hits="14" branch="False" />
            <line number="107" hits="14" branch="False" />
            <line number="108" hits="14" branch="False" />
            <line number="109" hits="14" branch="False" />
            <line number="110" hits="14" branch="False" />
            <line number="111" hits="14" branch="False" />
            <line number="112" hits="14" branch="False" />
            <line number="113" hits="14" branch="False" />
            <line number="114" hits="14" branch="False" />
            <line number="115" hits="14" branch="False" />
            <line number="116" hits="14" branch="False" />
            <line number="117" hits="14" branch="False" />
          </lines>
        </class>
        <class name="Aevatar.TestBase.ClusterFixture/MapperAccessor" filename="Desktop/agent-smith/aevatar-signalR/test/Aevatar.TestBase/ClusterFixture.cs" line-rate="0" branch-rate="1" complexity="1">
          <methods>
            <method name="get_Mapper" signature="()" line-rate="0" branch-rate="1" complexity="1">
              <lines>
                <line number="122" hits="0" branch="False" />
              </lines>
            </method>
          </methods>
          <lines>
            <line number="122" hits="0" branch="False" />
          </lines>
        </class>
        <class name="Aevatar.TestBase.ClusterFixture/TestClientBuilderConfigurator" filename="Desktop/agent-smith/aevatar-signalR/test/Aevatar.TestBase/ClusterFixture.cs" line-rate="1" branch-rate="1" complexity="1">
          <methods>
            <method name="Configure" signature="(Microsoft.Extensions.Configuration.IConfiguration,Orleans.Hosting.IClientBuilder)" line-rate="1" branch-rate="1" complexity="1">
              <lines>
                <line number="127" hits="7" branch="False" />
                <line number="128" hits="7" branch="False" />
              </lines>
            </method>
          </methods>
          <lines>
            <line number="127" hits="7" branch="False" />
            <line number="128" hits="7" branch="False" />
          </lines>
        </class>
        <class name="Aevatar.TestBase.InterfaceImplementationsFinder" filename="Desktop/agent-smith/aevatar-signalR/test/Aevatar.TestBase/InterfaceImplementationsFinder.cs" line-rate="0" branch-rate="0" complexity="10">
          <methods>
            <method name="GetImplementations" signature="()" line-rate="0" branch-rate="0" complexity="10">
              <lines>
                <line number="6" hits="0" branch="False" />
                <line number="7" hits="0" branch="False" />
                <line number="8" hits="0" branch="True" condition-coverage="0% (0/4)">
                  <conditions>
                    <condition number="39" type="jump" coverage="0%" />
                    <condition number="92" type="jump" coverage="0%" />
                  </conditions>
                </line>
                <line number="9" hits="0" branch="False" />
                <line number="10" hits="0" branch="True" condition-coverage="0% (0/6)">
                  <conditions>
                    <condition number="12" type="jump" coverage="0%" />
                    <condition number="15" type="jump" coverage="0%" />
                    <condition number="23" type="jump" coverage="0%" />
                  </conditions>
                </line>
                <line number="11" hits="0" branch="False" />
                <line number="12" hits="0" branch="False" />
              </lines>
            </method>
          </methods>
          <lines>
            <line number="6" hits="0" branch="False" />
            <line number="7" hits="0" branch="False" />
            <line number="8" hits="0" branch="True" condition-coverage="0% (0/4)">
              <conditions>
                <condition number="39" type="jump" coverage="0%" />
                <condition number="92" type="jump" coverage="0%" />
              </conditions>
            </line>
            <line number="9" hits="0" branch="False" />
            <line number="10" hits="0" branch="True" condition-coverage="0% (0/6)">
              <conditions>
                <condition number="12" type="jump" coverage="0%" />
                <condition number="15" type="jump" coverage="0%" />
                <condition number="23" type="jump" coverage="0%" />
              </conditions>
            </line>
            <line number="11" hits="0" branch="False" />
            <line number="12" hits="0" branch="False" />
          </lines>
        </class>
      </classes>
    </package>
  </packages>
</coverage>